#
# There is insufficient memory for the Java Runtime Environment to continue.
# Native memory allocation (mmap) failed to map 98566144 bytes. Error detail: G1 virtual space
# Possible reasons:
#   The system is out of physical RAM or swap space
#   This process is running with CompressedOops enabled, and the Java Heap may be blocking the growth of the native heap
# Possible solutions:
#   Reduce memory load on the system
#   Increase physical memory or swap space
#   Check if swap backing store is full
#   Decrease Java heap size (-Xmx/-Xms)
#   Decrease number of Java threads
#   Decrease Java thread stack sizes (-Xss)
#   Set larger code cache with -XX:ReservedCodeCacheSize=
#   JVM is running with Unscaled Compressed Oops mode in which the Java heap is
#     placed in the first 4GB address space. The Java Heap base address is the
#     maximum limit for the native heap growth. Please use -XX:HeapBaseMinAddress
#     to set the Java Heap base and to place the Java Heap above 4GB virtual address.
# This output file may be truncated or incomplete.
#
#  Out of Memory Error (os_windows.cpp:3703), pid=70856, tid=72736
#
# JRE version:  (23.0+37) (build )
# Java VM: Java HotSpot(TM) 64-Bit Server VM (23+37-2369, mixed mode, sharing, tiered, compressed oops, compressed class ptrs, g1 gc, windows-amd64)
# No core dump will be written. Minidumps are not enabled by default on client versions of Windows
#

---------------  S U M M A R Y ------------

Command Line: -Dclassworlds.conf=C:\Program Files\NetBeans-24\netbeans\java\maven\bin\m2.conf -Dmaven.home=C:\Program Files\NetBeans-24\netbeans\java\maven -Dlibrary.jansi.path=C:\Program Files\NetBeans-24\netbeans\java\maven\lib\jansi-native -Dmaven.multiModuleProjectDirectory=C:\Users\barbo\OneDrive\Bureau\PROJETJAVA\PROJETJAVA\cinema org.codehaus.plexus.classworlds.launcher.Launcher -Dexec.vmArgs= -Dexec.args=${exec.vmArgs} -classpath %classpath ${exec.mainClass} ${exec.appArgs} -Dexec.appArgs= -Dexec.mainClass=com.mycompany.cinema.Cinema -Dexec.executable=C:\Program Files\Java\jdk-23\bin\java.exe -Dmaven.ext.class.path=C:\Program Files\NetBeans-24\netbeans\java\maven-nblib\netbeans-eventspy.jar --no-transfer-progress process-classes org.codehaus.mojo:exec-maven-plugin:3.1.0:exec

Host: AMD Ryzen 5 5500U with Radeon Graphics         , 12 cores, 5G,  Windows 11 , 64 bit Build 22621 (10.0.22621.5415)
Time: Sat Dec 27 14:24:33 2025 Afr. centrale Ouest elapsed time: 0.016317 seconds (0d 0h 0m 0s)

---------------  T H R E A D  ---------------

Current thread (0x000001ee30392ef0):  JavaThread "Unknown thread" [_thread_in_vm, id=72736, stack(0x000000902a500000,0x000000902a600000) (1024K)]

Stack: [0x000000902a500000,0x000000902a600000]
Native frames: (J=compiled Java code, j=interpreted, Vv=VM code, C=native code)
V  [jvm.dll+0x6e08a9]  (no source info available)
V  [jvm.dll+0x87da63]  (no source info available)
V  [jvm.dll+0x87feee]  (no source info available)
V  [jvm.dll+0x8805c3]  (no source info available)
V  [jvm.dll+0x27aee6]  (no source info available)
V  [jvm.dll+0x6dd1b5]  (no source info available)
V  [jvm.dll+0x6d103a]  (no source info available)
V  [jvm.dll+0x35b3ea]  (no source info available)
V  [jvm.dll+0x3637f6]  (no source info available)
V  [jvm.dll+0x34fd5e]  (no source info available)
V  [jvm.dll+0x34fff8]  (no source info available)
V  [jvm.dll+0x3289cc]  (no source info available)
V  [jvm.dll+0x32966e]  (no source info available)
V  [jvm.dll+0x8442e5]  (no source info available)
V  [jvm.dll+0x3b9848]  (no source info available)
V  [jvm.dll+0x82d0dc]  (no source info available)
V  [jvm.dll+0x454d4e]  (no source info available)
V  [jvm.dll+0x456bd1]  (no source info available)
C  [jli.dll+0x52a3]  (no source info available)
C  [ucrtbase.dll+0x29333]  (no source info available)
C  [KERNEL32.DLL+0x1259d]  (no source info available)
C  [ntdll.dll+0x5af78]  (no source info available)

Lock stack of current Java thread (top to bottom):


---------------  P R O C E S S  ---------------

Threads class SMR info:
_java_thread_list=0x00007fff061d3618, length=0, elements={
}

Java Threads: ( => current thread )
Total: 0

Other Threads:
  0x000001ee32865bf0 WorkerThread "GC Thread#0"                     [id=69536, stack(0x000000902a600000,0x000000902a700000) (1024K)]
  0x000001ee32875800 ConcurrentGCThread "G1 Main Marker"            [id=48824, stack(0x000000902a700000,0x000000902a800000) (1024K)]
  0x000001ee32876320 WorkerThread "G1 Conc#0"                       [id=74600, stack(0x000000902a800000,0x000000902a900000) (1024K)]

[error occurred during error reporting (printing all threads), id 0xc0000005, EXCEPTION_ACCESS_VIOLATION (0xc0000005) at pc=0x00007fff0591bfba]
VM state: not at safepoint (not fully initialized)

VM Mutex/Monitor currently owned by a thread:  ([mutex/lock_event])
[0x00007fff06253a10] Heap_lock - owner thread: 0x000001ee30392ef0

Heap address: 0x00000000a2600000, size: 1498 MB, Compressed Oops mode: 32-bit

CDS archive(s) mapped at: [0x0000000000000000-0x0000000000000000-0x0000000000000000), size 0, SharedBaseAddress: 0x0000000800000000, ArchiveRelocationMode: 1.
Narrow klass base: 0x0000000000000000, Narrow klass shift: 0, Narrow klass range: 0x0

GC Precious Log:
 CardTable entry size: 512
 Card Set container configuration: InlinePtr #cards 5 size 8 Array Of Cards #cards 10 size 36 Howl #buckets 4 coarsen threshold 1843 Howl Bitmap #cards 512 size 80 coarsen threshold 460 Card regions per heap region 1 cards per card region 2048

Heap:
 garbage-first heap   total reserved 1533952K, committed 0K, used 0K [0x00000000a2600000, 0x0000000100000000)
  region size 1024K, 0 young (0K), 0 survivors (0K)

[error occurred during error reporting (printing heap information), id 0xc0000005, EXCEPTION_ACCESS_VIOLATION (0xc0000005) at pc=0x00007fff05d1c3b9]
GC Heap History (0 events):
No events

Dll operation events (1 events):
Event: 0.010 Loaded shared library C:\Program Files\Java\jdk-23\bin\java.dll

Deoptimization events (0 events):
No events

Classes loaded (0 events):
No events

Classes unloaded (0 events):
No events

Classes redefined (0 events):
No events

Internal exceptions (0 events):
No events

VM Operations (0 events):
No events

Memory protections (0 events):
No events

Nmethod flushes (0 events):
No events

Events (0 events):
No events


Dynamic libraries:
0x00007ff6159d0000 - 0x00007ff6159e0000 	C:\Program Files\Java\jdk-23\bin\java.exe
0x00007fff5cf10000 - 0x00007fff5d128000 	C:\Windows\SYSTEM32\ntdll.dll
0x00007fff5c3a0000 - 0x00007fff5c464000 	C:\Windows\System32\KERNEL32.DLL
0x00007fff5a1e0000 - 0x00007fff5a5b3000 	C:\Windows\System32\KERNELBASE.dll
0x00007fff5aa90000 - 0x00007fff5aba1000 	C:\Windows\System32\ucrtbase.dll
0x00007fff1e4c0000 - 0x00007fff1e4d7000 	C:\Program Files\Java\jdk-23\bin\jli.dll
0x00007fff30070000 - 0x00007fff3008b000 	C:\Program Files\Java\jdk-23\bin\VCRUNTIME140.dll
0x00007fff5cb20000 - 0x00007fff5ccd2000 	C:\Windows\System32\USER32.dll
0x00007fff5a700000 - 0x00007fff5a726000 	C:\Windows\System32\win32u.dll
0x00007fff5c310000 - 0x00007fff5c339000 	C:\Windows\System32\GDI32.dll
0x00007fff49fa0000 - 0x00007fff4a23c000 	C:\Windows\WinSxS\amd64_microsoft.windows.common-controls_6595b64144ccf1df_6.0.22621.6060_none_2712eda17382d24b\COMCTL32.dll
0x00007fff5a020000 - 0x00007fff5a13b000 	C:\Windows\System32\gdi32full.dll
0x00007fff5a140000 - 0x00007fff5a1da000 	C:\Windows\System32\msvcp_win.dll
0x00007fff5c660000 - 0x00007fff5c707000 	C:\Windows\System32\msvcrt.dll
0x00007fff5c230000 - 0x00007fff5c261000 	C:\Windows\System32\IMM32.DLL
0x00007fff56100000 - 0x00007fff5610c000 	C:\Program Files\Java\jdk-23\bin\vcruntime140_1.dll
0x00007fff09ce0000 - 0x00007fff09d6e000 	C:\Program Files\Java\jdk-23\bin\msvcp140.dll
0x00007fff055e0000 - 0x00007fff0632f000 	C:\Program Files\Java\jdk-23\bin\server\jvm.dll
0x00007fff5c0b0000 - 0x00007fff5c161000 	C:\Windows\System32\ADVAPI32.dll
0x00007fff5c180000 - 0x00007fff5c228000 	C:\Windows\System32\sechost.dll
0x00007fff5a730000 - 0x00007fff5a758000 	C:\Windows\System32\bcrypt.dll
0x00007fff5c540000 - 0x00007fff5c658000 	C:\Windows\System32\RPCRT4.dll
0x00007fff5ce40000 - 0x00007fff5ceb1000 	C:\Windows\System32\WS2_32.dll
0x00007fff59ef0000 - 0x00007fff59f3d000 	C:\Windows\SYSTEM32\POWRPROF.dll
0x00007fff51380000 - 0x00007fff5138a000 	C:\Windows\SYSTEM32\VERSION.dll
0x00007fff55c90000 - 0x00007fff55cc4000 	C:\Windows\SYSTEM32\WINMM.dll
0x00007fff59ed0000 - 0x00007fff59ee3000 	C:\Windows\SYSTEM32\UMPDC.dll
0x00007fff59000000 - 0x00007fff59018000 	C:\Windows\SYSTEM32\kernel.appcore.dll
0x00007fff4ae10000 - 0x00007fff4ae1a000 	C:\Program Files\Java\jdk-23\bin\jimage.dll
0x00007fff57b20000 - 0x00007fff57d53000 	C:\Windows\SYSTEM32\DBGHELP.DLL
0x00007fff5bbb0000 - 0x00007fff5bf41000 	C:\Windows\System32\combase.dll
0x00007fff5bfd0000 - 0x00007fff5c0a8000 	C:\Windows\System32\OLEAUT32.dll
0x00007fff524d0000 - 0x00007fff52502000 	C:\Windows\SYSTEM32\dbgcore.DLL
0x00007fff5a760000 - 0x00007fff5a7db000 	C:\Windows\System32\bcryptPrimitives.dll
0x00007fff2eb80000 - 0x00007fff2eb9e000 	C:\Program Files\Java\jdk-23\bin\java.dll
0x00007fff5c8e0000 - 0x00007fff5ca81000 	C:\Windows\System32\ole32.dll
0x00007fff5abc0000 - 0x00007fff5b45c000 	C:\Windows\System32\SHELL32.dll
0x00007fff5a5c0000 - 0x00007fff5a6ff000 	C:\Windows\System32\wintypes.dll

dbghelp: loaded successfully - version: 4.0.5 - missing functions: none
symbol engine: initialized successfully - sym options: 0x614 - pdb path: .;C:\Program Files\Java\jdk-23\bin;C:\Windows\SYSTEM32;C:\Windows\WinSxS\amd64_microsoft.windows.common-controls_6595b64144ccf1df_6.0.22621.6060_none_2712eda17382d24b;C:\Program Files\Java\jdk-23\bin\server

VM Arguments:
jvm_args: -Dclassworlds.conf=C:\Program Files\NetBeans-24\netbeans\java\maven\bin\m2.conf -Dmaven.home=C:\Program Files\NetBeans-24\netbeans\java\maven -Dlibrary.jansi.path=C:\Program Files\NetBeans-24\netbeans\java\maven\lib\jansi-native -Dmaven.multiModuleProjectDirectory=C:\Users\barbo\OneDrive\Bureau\PROJETJAVA\PROJETJAVA\cinema 
java_command: org.codehaus.plexus.classworlds.launcher.Launcher -Dexec.vmArgs= -Dexec.args=${exec.vmArgs} -classpath %classpath ${exec.mainClass} ${exec.appArgs} -Dexec.appArgs= -Dexec.mainClass=com.mycompany.cinema.Cinema -Dexec.executable=C:\Program Files\Java\jdk-23\bin\java.exe -Dmaven.ext.class.path=C:\Program Files\NetBeans-24\netbeans\java\maven-nblib\netbeans-eventspy.jar --no-transfer-progress process-classes org.codehaus.mojo:exec-maven-plugin:3.1.0:exec
java_class_path (initial): C:\Program Files\NetBeans-24\netbeans\java\maven\boot\plexus-classworlds-2.8.0.jar
Launcher Type: SUN_STANDARD

[Global flags]
     intx CICompilerCount                          = 4                                         {product} {ergonomic}
     uint ConcGCThreads                            = 3                                         {product} {ergonomic}
     uint G1ConcRefinementThreads                  = 10                                        {product} {ergonomic}
   size_t G1HeapRegionSize                         = 1048576                                   {product} {ergonomic}
   size_t InitialHeapSize                          = 98566144                                  {product} {ergonomic}
   size_t MarkStackSize                            = 4194304                                   {product} {ergonomic}
   size_t MarkStackSizeMax                         = 536870912                                 {product} {ergonomic}
   size_t MaxHeapSize                              = 1570766848                                {product} {ergonomic}
   size_t MinHeapDeltaBytes                        = 1048576                                   {product} {ergonomic}
   size_t MinHeapSize                              = 8388608                                   {product} {ergonomic}
    uintx NonNMethodCodeHeapSize                   = 5832704                                {pd product} {ergonomic}
    uintx NonProfiledCodeHeapSize                  = 122945536                              {pd product} {ergonomic}
    uintx ProfiledCodeHeapSize                     = 122880000                              {pd product} {ergonomic}
    uintx ReservedCodeCacheSize                    = 251658240                              {pd product} {ergonomic}
     bool SegmentedCodeCache                       = true                                      {product} {ergonomic}
   size_t SoftMaxHeapSize                          = 1570766848                             {manageable} {ergonomic}
     bool UseCompressedOops                        = true                           {product lp64_product} {ergonomic}
     bool UseG1GC                                  = true                                      {product} {ergonomic}
     bool UseLargePagesIndividualAllocation        = false                                  {pd product} {ergonomic}

Logging:
Log output configuration:
 #0: stdout all=warning uptime,level,tags foldmultilines=false
 #1: stderr all=off uptime,level,tags foldmultilines=false

Environment Variables:
JAVA_HOME=C:\Program Files\Java\jdk-23
PATH=C:\oraclexe\app\oracle\product\11.2.0\server\bin;C:\ProgramData\Oracle\Java\javapath;C:\Program Files\Common Files\Oracle\Java\javapath;C:\PySchool\3.10-32-bit\Scripts;C:\PySchool\3.10-32-bit;C:\Windows\system32;C:\Windows;C:\Windows\System32\Wbem;C:\Windows\System32\WindowsPowerShell\v1.0\;C:\Windows\System32\OpenSSH\;C:\Program Files (x86)\Microsoft SQL Server\160\DTS\Binn\;C:\Program Files\Git\cmd;C:\Program Files (x86)\Microsoft SQL Server\160\Tools\Binn\;C:\Program Files\Microsoft SQL Server\160\Tools\Binn\;C:\Program Files\Microsoft SQL Server\Client SDK\ODBC\170\Tools\Binn\;C:\Program Files\Microsoft SQL Server\160\DTS\Binn\;C:\Program Files\Microsoft SQL Server\150\Tools\Binn\;C:\Program Files\dotnet\;C:\Program Files\nodejs\;C:\Users\barbo\AppData\Local\Microsoft\WindowsApps;C:\Users\barbo\.dotnet\tools;C:\Users\barbo\AppData\Local\Programs\Microsoft VS Code\bin;C:\Users\barbo\AppData\Roaming\npm
USERNAME=barbo
OS=Windows_NT
PROCESSOR_IDENTIFIER=AMD64 Family 23 Model 104 Stepping 1, AuthenticAMD
TMP=C:\Users\barbo\AppData\Local\Temp
TEMP=C:\Users\barbo\AppData\Local\Temp




Periodic native trim disabled

---------------  S Y S T E M  ---------------

OS:
 Windows 11 , 64 bit Build 22621 (10.0.22621.5415)
OS uptime: 5 days 15:55 hours

CPU: total 12 (initial active 12) (12 cores per cpu, 2 threads per core) family 23 model 104 stepping 1 microcode 0x0, cx8, cmov, fxsr, ht, mmx, 3dnowpref, sse, sse2, sse3, ssse3, sse4a, sse4.1, sse4.2, popcnt, lzcnt, tsc, tscinvbit, avx, avx2, aes, clmul, bmi1, bmi2, adx, sha, fma, vzeroupper, clflush, clflushopt, rdtscp, rdpid, f16c
Processor Information for the first 12 processors :
  Max Mhz: 2100, Current Mhz: 2100, Mhz Limit: 2100

Memory: 4k page, system-wide physical 5989M (284M free)
TotalPageFile size 24421M (AvailPageFile size 47M)
current process WorkingSet (physical memory assigned to process): 12M, peak: 12M
current process commit charge ("private bytes"): 64M, peak: 158M

vm_info: Java HotSpot(TM) 64-Bit Server VM (23+37-2369) for windows-amd64 JRE (23+37-2369), built on 2024-08-20T16:01:23Z with MS VC++ 17.6 (VS2022)

END.
